<?xml version="1.0" encoding="UTF-8"?>
<!-- Generated by org.testng.reporters.JUnitReportReporter -->
<testsuite hostname="LAPTOP-NUKSPRMG" failures="0" tests="13" name="com.testing.pom.test.POMTest" time="4.951" errors="0" timestamp="2022-10-02T16:14:48 IST" skipped="0">
  <testcase classname="com.testing.pom.test.POMTest" name="doLogin" time="0.187"/>
  <system-out/>
  <testcase classname="com.testing.pom.test.POMTest" name="doLogin" time="0.179"/>
  <system-out/>
  <testcase classname="com.testing.pom.test.POMTest" name="doLogin" time="0.185"/>
  <system-out/>
  <testcase classname="com.testing.pom.test.POMTest" name="doRegister" time="0.498"/>
  <system-out/>
  <testcase classname="com.testing.pom.test.POMTest" name="doRegister" time="0.311"/>
  <system-out/>
  <testcase classname="com.testing.pom.test.POMTest" name="doLogin" time="1.609"/>
  <system-out/>
  <testcase classname="com.testing.pom.test.POMTest" name="doLogin" time="0.173"/>
  <system-out/>
  <testcase classname="com.testing.pom.test.POMTest" name="doLogin" time="0.184"/>
  <system-out/>
  <testcase classname="com.testing.pom.test.POMTest" name="doRegister" time="0.328"/>
  <system-out/>
  <testcase classname="com.testing.pom.test.POMTest" name="doRegister" time="0.349"/>
  <system-out/>
  <testcase classname="com.testing.pom.test.POMTest" name="doRegister" time="0.320"/>
  <system-out/>
  <testcase classname="com.testing.pom.test.POMTest" name="doLogin" time="0.313"/>
  <system-out/>
  <testcase classname="com.testing.pom.test.POMTest" name="doRegister" time="0.315"/>
  <system-out/>
</testsuite> <!-- com.testing.pom.test.POMTest -->
